Using pre-set license
Built from '2020.2/release' branch; Version is '2020.2.4f1 (becced5a802b) revision 12504301'; Using compiler version '192528614'; Build Type 'Release'
OS: 'Windows 10 Enterprise LTSC 2019; OS build 17763.1757; Version 1809; 64bit' Language: 'ru' Physical Memory: 16303 MB
BatchMode: 1, IsHumanControllingUs: 0, StartBugReporterOnCrash: 0, Is64bit: 1, IsPro: 0

 COMMAND LINE ARGUMENTS:
C:\unity-projects\2020.2.4f1\Editor\Unity.exe
-adb2
-batchMode
-noUpm
-name
AssetImportWorker0
-projectPath
C:/unity-projects/first-game2
-logFile
Logs/AssetImportWorker0.log
-srvPort
56698
Successfully changed project path to: C:/unity-projects/first-game2
C:/unity-projects/first-game2
Using Asset Import Pipeline V2.
Refreshing native plugins compatible for Editor in 22.89 ms, found 0 plugins.
Preloading 0 native plugins for Editor in 0.00 ms.
Initialize engine version: 2020.2.4f1 (becced5a802b)
[Subsystems] Discovering subsystems at path C:/unity-projects/2020.2.4f1/Editor/Data/Resources/UnitySubsystems
[Subsystems] Discovering subsystems at path C:/unity-projects/first-game2/Assets
GfxDevice: creating device client; threaded=0
Direct3D:
    Version:  Direct3D 11.0 [level 11.1]
    Renderer: NVIDIA GeForce GTX 1050 Ti (ID=0x1c82)
    Vendor:   
    VRAM:     4018 MB
    Driver:   27.21.14.5671
Initialize mono
Mono path[0] = 'C:/unity-projects/2020.2.4f1/Editor/Data/Managed'
Mono path[1] = 'C:/unity-projects/2020.2.4f1/Editor/Data/MonoBleedingEdge/lib/mono/unityjit'
Mono config path = 'C:/unity-projects/2020.2.4f1/Editor/Data/MonoBleedingEdge/etc'
Using monoOptions --debugger-agent=transport=dt_socket,embedding=1,server=y,suspend=n,address=127.0.0.1:56924
Begin MonoManager ReloadAssembly
Registering precompiled unity dll's ...
Register platform support module: C:/unity-projects/2020.2.4f1/Editor/Data/PlaybackEngines/WebGLSupport/UnityEditor.WebGL.Extensions.dll
Register platform support module: C:/unity-projects/2020.2.4f1/Editor/Data/PlaybackEngines/WindowsStandaloneSupport/UnityEditor.WindowsStandalone.Extensions.dll
Registered in 0.001433 seconds.
Native extension for WindowsStandalone target not found
Native extension for WebGL target not found
Refreshing native plugins compatible for Editor in 22.31 ms, found 0 plugins.
Preloading 0 native plugins for Editor in 0.00 ms.
Invoked RoslynAnalysisRunner static constructor.
RoslynAnalysisRunner will not be running.
RoslynAnalysisRunner has terminated.
Mono: successfully reloaded assembly
- Completed reload, in  1.452 seconds
Platform modules already initialized, skipping
Registering precompiled user dll's ...
Registered in 0.000532 seconds.
Begin MonoManager ReloadAssembly
Native extension for WindowsStandalone target not found
Native extension for WebGL target not found
Refreshing native plugins compatible for Editor in 0.28 ms, found 0 plugins.
Preloading 0 native plugins for Editor in 0.00 ms.
Invoked RoslynAnalysisRunner static constructor.
RoslynAnalysisRunner will not be running.
RoslynAnalysisRunner has terminated.
Mono: successfully reloaded assembly
- Completed reload, in  0.703 seconds
Platform modules already initialized, skipping
========================================================================
Worker process is ready to serve import requests
Launched and connected shader compiler UnityShaderCompiler.exe after 0.04 seconds
Refreshing native plugins compatible for Editor in 0.47 ms, found 0 plugins.
Preloading 0 native plugins for Editor in 0.00 ms.
Unloading 1201 Unused Serialized files (Serialized files now loaded: 0)
System memory in use before: 59.2 MB.
System memory in use after: 59.3 MB.

Unloading 22 unused Assets to reduce memory usage. Loaded Objects now: 1630.
Total: 1.507900 ms (FindLiveObjects: 0.145000 ms CreateObjectMapping: 0.039300 ms MarkObjects: 1.270400 ms  DeleteObjects: 0.052400 ms)

========================================================================
Received Import Request.
  path: Assets/Scenes
  artifactKey: Guid(f7b66c42ee145314083f073e99178630) Importer(815301076,1909f56bfc062723c751e8b465ee728b)
Start importing Assets/Scenes using Guid(f7b66c42ee145314083f073e99178630) Importer(815301076,1909f56bfc062723c751e8b465ee728b)  -> (artifact id: 'fec3b20b3d43f270eae6f30546337c84') in 0.003021 seconds
  Import took 0.004505 seconds .

========================================================================
Received Import Request.
  Time since last request: 0.000212 seconds.
  path: Assets/Scenes/SampleScene.unity
  artifactKey: Guid(9fc0d4010bbf28b4594072e72b8655ab) Importer(815301076,1909f56bfc062723c751e8b465ee728b)
Start importing Assets/Scenes/SampleScene.unity using Guid(9fc0d4010bbf28b4594072e72b8655ab) Importer(815301076,1909f56bfc062723c751e8b465ee728b)  -> (artifact id: '816bf9fae60710c2059f8a7c316e28f9') in 0.006749 seconds
  Import took 0.008820 seconds .

========================================================================
Received Import Request.
  Time since last request: 6.931030 seconds.
  path: Assets/Scenes/Menu.unity
  artifactKey: Guid(9fc0d4010bbf28b4594072e72b8655ab) Importer(815301076,1909f56bfc062723c751e8b465ee728b)
Start importing Assets/Scenes/Menu.unity using Guid(9fc0d4010bbf28b4594072e72b8655ab) Importer(815301076,1909f56bfc062723c751e8b465ee728b)  -> (artifact id: '7a8112c6694353336cec8edcbf86c57c') in 0.002335 seconds
  Import took 0.004448 seconds .

========================================================================
Received Import Request.
  Time since last request: 6.809653 seconds.
  path: Assets/Scenes/Game.unity
  artifactKey: Guid(4e7cd23416f312644b468c4a85be3a77) Importer(815301076,1909f56bfc062723c751e8b465ee728b)
Start importing Assets/Scenes/Game.unity using Guid(4e7cd23416f312644b468c4a85be3a77) Importer(815301076,1909f56bfc062723c751e8b465ee728b)  -> (artifact id: '374c469f05782c2ea60c3339c72f8fa6') in 0.002130 seconds
  Import took 0.005956 seconds .

========================================================================
Received Prepare
Registering precompiled user dll's ...
Registered in 0.000652 seconds.
Begin MonoManager ReloadAssembly
Native extension for WindowsStandalone target not found
Native extension for WebGL target not found
Refreshing native plugins compatible for Editor in 0.29 ms, found 0 plugins.
Preloading 0 native plugins for Editor in 0.00 ms.
Invoked RoslynAnalysisRunner static constructor.
RoslynAnalysisRunner will not be running.
RoslynAnalysisRunner has terminated.
Mono: successfully reloaded assembly
- Completed reload, in  0.671 seconds
Platform modules already initialized, skipping
Refreshing native plugins compatible for Editor in 0.28 ms, found 0 plugins.
Preloading 0 native plugins for Editor in 0.00 ms.
Unloading 1195 Unused Serialized files (Serialized files now loaded: 0)
System memory in use before: 59.1 MB.
System memory in use after: 59.2 MB.

Unloading 17 unused Assets to reduce memory usage. Loaded Objects now: 1632.
Total: 1.361500 ms (FindLiveObjects: 0.153900 ms CreateObjectMapping: 0.033100 ms MarkObjects: 1.158200 ms  DeleteObjects: 0.015200 ms)

========================================================================
Received Import Request.
  Time since last request: 614.529256 seconds.
  path: Assets/Scenes/Game.unity
  artifactKey: Guid(4e7cd23416f312644b468c4a85be3a77) Importer(815301076,1909f56bfc062723c751e8b465ee728b)
Start importing Assets/Scenes/Game.unity using Guid(4e7cd23416f312644b468c4a85be3a77) Importer(815301076,1909f56bfc062723c751e8b465ee728b)  -> (artifact id: '8f2b2d8aa64f38e0d99390ce6d82db10') in 0.010276 seconds
  Import took 0.012527 seconds .

========================================================================
Received Import Request.
  Time since last request: 1.771535 seconds.
  path: Assets/Scenes/Menu.unity
  artifactKey: Guid(9fc0d4010bbf28b4594072e72b8655ab) Importer(815301076,1909f56bfc062723c751e8b465ee728b)
Start importing Assets/Scenes/Menu.unity using Guid(9fc0d4010bbf28b4594072e72b8655ab) Importer(815301076,1909f56bfc062723c751e8b465ee728b)  -> (artifact id: 'c51dfa603088f9699e42f8f8df79ac45') in 0.002440 seconds
  Import took 0.004663 seconds .

========================================================================
Received Import Request.
  Time since last request: 12.051565 seconds.
  path: Assets/Scenes/Menu.unity
  artifactKey: Guid(9fc0d4010bbf28b4594072e72b8655ab) Importer(815301076,1909f56bfc062723c751e8b465ee728b)
Start importing Assets/Scenes/Menu.unity using Guid(9fc0d4010bbf28b4594072e72b8655ab) Importer(815301076,1909f56bfc062723c751e8b465ee728b)  -> (artifact id: '2600341e4e59b3b78ab27587ffc8e2af') in 0.002210 seconds
  Import took 0.004585 seconds .

========================================================================
Received Import Request.
  Time since last request: 613.621486 seconds.
  path: Assets/Scripts
  artifactKey: Guid(f8b4d5c1c8fb48247b4a013bbb92d277) Importer(815301076,1909f56bfc062723c751e8b465ee728b)
Start importing Assets/Scripts using Guid(f8b4d5c1c8fb48247b4a013bbb92d277) Importer(815301076,1909f56bfc062723c751e8b465ee728b)  -> (artifact id: '3fbca71d3cf2e955d1bb81f6a0e8722c') in 0.003997 seconds
  Import took 0.006647 seconds .

========================================================================
Received Import Request.
  Time since last request: 0.000404 seconds.
  path: Assets/Scripts
  artifactKey: Guid(f8b4d5c1c8fb48247b4a013bbb92d277) Importer(815301076,1909f56bfc062723c751e8b465ee728b)
Start importing Assets/Scripts using Guid(f8b4d5c1c8fb48247b4a013bbb92d277) Importer(815301076,1909f56bfc062723c751e8b465ee728b)  -> (artifact id: '3fbca71d3cf2e955d1bb81f6a0e8722c') in 0.002402 seconds
  Import took 0.006068 seconds .

========================================================================
Received Import Request.
  Time since last request: 8.165724 seconds.
  path: Assets/Scripts/Menu.cs
  artifactKey: Guid(5dce39ffa0c410f4f975a0a5c29ed890) Importer(815301076,1909f56bfc062723c751e8b465ee728b)
Start importing Assets/Scripts/Menu.cs using Guid(5dce39ffa0c410f4f975a0a5c29ed890) Importer(815301076,1909f56bfc062723c751e8b465ee728b)  -> (artifact id: 'ee4fc40197efd359559effe4e812f348') in 0.013986 seconds
  Import took 0.015928 seconds .

========================================================================
Received Import Request.
  Time since last request: 0.080120 seconds.
  path: Assets/Scripts/Menu.cs
  artifactKey: Guid(5dce39ffa0c410f4f975a0a5c29ed890) Importer(815301076,1909f56bfc062723c751e8b465ee728b)
Start importing Assets/Scripts/Menu.cs using Guid(5dce39ffa0c410f4f975a0a5c29ed890) Importer(815301076,1909f56bfc062723c751e8b465ee728b)  -> (artifact id: 'ee4fc40197efd359559effe4e812f348') in 0.001900 seconds
  Import took 0.004315 seconds .

========================================================================
Received Prepare
Registering precompiled user dll's ...
Registered in 0.001026 seconds.
Begin MonoManager ReloadAssembly
Native extension for WindowsStandalone target not found
Native extension for WebGL target not found
Refreshing native plugins compatible for Editor in 0.31 ms, found 0 plugins.
Preloading 0 native plugins for Editor in 0.00 ms.
Invoked RoslynAnalysisRunner static constructor.
RoslynAnalysisRunner will not be running.
RoslynAnalysisRunner has terminated.
Mono: successfully reloaded assembly
- Completed reload, in  2.070 seconds
Platform modules already initialized, skipping
Refreshing native plugins compatible for Editor in 0.29 ms, found 0 plugins.
Preloading 0 native plugins for Editor in 0.00 ms.
Unloading 1196 Unused Serialized files (Serialized files now loaded: 0)
System memory in use before: 59.2 MB.
System memory in use after: 59.3 MB.

Unloading 17 unused Assets to reduce memory usage. Loaded Objects now: 1635.
Total: 2.308700 ms (FindLiveObjects: 0.141000 ms CreateObjectMapping: 0.041300 ms MarkObjects: 2.079700 ms  DeleteObjects: 0.044700 ms)

========================================================================
Received Prepare
Registering precompiled user dll's ...
Registered in 0.000613 seconds.
Begin MonoManager ReloadAssembly
Native extension for WindowsStandalone target not found
Native extension for WebGL target not found
Refreshing native plugins compatible for Editor in 0.71 ms, found 0 plugins.
Preloading 0 native plugins for Editor in 0.00 ms.
Invoked RoslynAnalysisRunner static constructor.
RoslynAnalysisRunner will not be running.
RoslynAnalysisRunner has terminated.
Mono: successfully reloaded assembly
- Completed reload, in  0.698 seconds
Platform modules already initialized, skipping
Refreshing native plugins compatible for Editor in 0.28 ms, found 0 plugins.
Preloading 0 native plugins for Editor in 0.00 ms.
Unloading 1196 Unused Serialized files (Serialized files now loaded: 0)
System memory in use before: 59.2 MB.
System memory in use after: 59.3 MB.

Unloading 17 unused Assets to reduce memory usage. Loaded Objects now: 1637.
Total: 2.496500 ms (FindLiveObjects: 0.280400 ms CreateObjectMapping: 0.068100 ms MarkObjects: 2.123900 ms  DeleteObjects: 0.021500 ms)

========================================================================
Received Import Request.
  Time since last request: 33.324129 seconds.
  path: Assets/Scripts/Menu.cs
  artifactKey: Guid(5dce39ffa0c410f4f975a0a5c29ed890) Importer(815301076,1909f56bfc062723c751e8b465ee728b)
Start importing Assets/Scripts/Menu.cs using Guid(5dce39ffa0c410f4f975a0a5c29ed890) Importer(815301076,1909f56bfc062723c751e8b465ee728b)  -> (artifact id: '610b38aa1ffb358387cf636d3c51e76a') in 0.009982 seconds
  Import took 0.012191 seconds .

========================================================================
Received Import Request.
  Time since last request: 14.810182 seconds.
  path: Assets/Editor/com.unity.mobile.notifications/NotificationSettings.asset
  artifactKey: Guid(45a04f37e0f48c744acc0874c4a8918a) Importer(815301076,1909f56bfc062723c751e8b465ee728b)
Start importing Assets/Editor/com.unity.mobile.notifications/NotificationSettings.asset using Guid(45a04f37e0f48c744acc0874c4a8918a) Importer(815301076,1909f56bfc062723c751e8b465ee728b)  -> (artifact id: 'eeb21bce20db17410ef5e176baac6269') in 0.016107 seconds
  Import took 0.018524 seconds .

========================================================================
Received Import Request.
  Time since last request: 244.616674 seconds.
  path: Assets/Menu.prefab
  artifactKey: Guid(e2088dc1a58162d4da4dd3763bbe9318) Importer(815301076,1909f56bfc062723c751e8b465ee728b)
Start importing Assets/Menu.prefab using Guid(e2088dc1a58162d4da4dd3763bbe9318) Importer(815301076,1909f56bfc062723c751e8b465ee728b)  -> (artifact id: 'a71ba4501d8ba36ef348b06e125785dd') in 0.015999 seconds
  Import took 0.018269 seconds .

========================================================================
Received Prepare
Registering precompiled user dll's ...
Registered in 0.000605 seconds.
Begin MonoManager ReloadAssembly
Native extension for WindowsStandalone target not found
Native extension for WebGL target not found
Refreshing native plugins compatible for Editor in 0.28 ms, found 0 plugins.
Preloading 0 native plugins for Editor in 0.00 ms.
Invoked RoslynAnalysisRunner static constructor.
RoslynAnalysisRunner will not be running.
RoslynAnalysisRunner has terminated.
Mono: successfully reloaded assembly
- Completed reload, in  0.636 seconds
Platform modules already initialized, skipping
Refreshing native plugins compatible for Editor in 0.29 ms, found 0 plugins.
Preloading 0 native plugins for Editor in 0.00 ms.
Unloading 1196 Unused Serialized files (Serialized files now loaded: 0)
System memory in use before: 59.2 MB.
System memory in use after: 59.3 MB.

Unloading 17 unused Assets to reduce memory usage. Loaded Objects now: 1639.
Total: 1.337400 ms (FindLiveObjects: 0.126500 ms CreateObjectMapping: 0.033000 ms MarkObjects: 1.165000 ms  DeleteObjects: 0.011900 ms)

========================================================================
Received Import Request.
  Time since last request: 76.449335 seconds.
  path: Assets/Scenes/Game.unity
  artifactKey: Guid(4e7cd23416f312644b468c4a85be3a77) Importer(815301076,1909f56bfc062723c751e8b465ee728b)
Start importing Assets/Scenes/Game.unity using Guid(4e7cd23416f312644b468c4a85be3a77) Importer(815301076,1909f56bfc062723c751e8b465ee728b)  -> (artifact id: '154dafb0c4ba38acabf4609099dff7e7') in 0.008192 seconds
  Import took 0.009876 seconds .

========================================================================
Received Import Request.
  Time since last request: 0.002253 seconds.
  path: Assets/Scenes/Game.unity
  artifactKey: Guid(4e7cd23416f312644b468c4a85be3a77) Importer(815301076,1909f56bfc062723c751e8b465ee728b)
Start importing Assets/Scenes/Game.unity using Guid(4e7cd23416f312644b468c4a85be3a77) Importer(815301076,1909f56bfc062723c751e8b465ee728b)  -> (artifact id: '154dafb0c4ba38acabf4609099dff7e7') in 0.002304 seconds
  Import took 0.004260 seconds .

========================================================================
Received Import Request.
  Time since last request: 1.256587 seconds.
  path: Assets/Scenes/Menu.unity
  artifactKey: Guid(9fc0d4010bbf28b4594072e72b8655ab) Importer(815301076,1909f56bfc062723c751e8b465ee728b)
Start importing Assets/Scenes/Menu.unity using Guid(9fc0d4010bbf28b4594072e72b8655ab) Importer(815301076,1909f56bfc062723c751e8b465ee728b)  -> (artifact id: 'd858599b5e4c8700dfb724902deadf01') in 0.002880 seconds
  Import took 0.005047 seconds .

========================================================================
Received Prepare
Registering precompiled user dll's ...
Registered in 0.000582 seconds.
Begin MonoManager ReloadAssembly
Native extension for WindowsStandalone target not found
Native extension for WebGL target not found
Refreshing native plugins compatible for Editor in 0.29 ms, found 0 plugins.
Preloading 0 native plugins for Editor in 0.00 ms.
Invoked RoslynAnalysisRunner static constructor.
RoslynAnalysisRunner will not be running.
RoslynAnalysisRunner has terminated.
Mono: successfully reloaded assembly
- Completed reload, in  0.630 seconds
Platform modules already initialized, skipping
Refreshing native plugins compatible for Editor in 0.28 ms, found 0 plugins.
Preloading 0 native plugins for Editor in 0.00 ms.
Unloading 1196 Unused Serialized files (Serialized files now loaded: 0)
System memory in use before: 59.2 MB.
System memory in use after: 59.3 MB.

Unloading 17 unused Assets to reduce memory usage. Loaded Objects now: 1641.
Total: 2.013400 ms (FindLiveObjects: 0.177600 ms CreateObjectMapping: 0.043900 ms MarkObjects: 1.776600 ms  DeleteObjects: 0.013600 ms)

========================================================================
Received Import Request.
  Time since last request: 72.161856 seconds.
  path: Assets/Scenes/Menu.unity
  artifactKey: Guid(9fc0d4010bbf28b4594072e72b8655ab) Importer(815301076,1909f56bfc062723c751e8b465ee728b)
Start importing Assets/Scenes/Menu.unity using Guid(9fc0d4010bbf28b4594072e72b8655ab) Importer(815301076,1909f56bfc062723c751e8b465ee728b)  -> (artifact id: 'e637a858918ebfc0f40228fbe9487672') in 0.010783 seconds
  Import took 0.013496 seconds .

========================================================================
Received Import Request.
  Time since last request: 52.712312 seconds.
  path: Assets/Scenes/Game.unity
  artifactKey: Guid(4e7cd23416f312644b468c4a85be3a77) Importer(815301076,1909f56bfc062723c751e8b465ee728b)
Start importing Assets/Scenes/Game.unity using Guid(4e7cd23416f312644b468c4a85be3a77) Importer(815301076,1909f56bfc062723c751e8b465ee728b)  -> (artifact id: '5806ec8633e528be2dd5da284f7b85ac') in 0.002281 seconds
  Import took 0.004692 seconds .

========================================================================
Received Prepare
Registering precompiled user dll's ...
Registered in 0.000547 seconds.
Begin MonoManager ReloadAssembly
Native extension for WindowsStandalone target not found
Native extension for WebGL target not found
Refreshing native plugins compatible for Editor in 0.28 ms, found 0 plugins.
Preloading 0 native plugins for Editor in 0.00 ms.
Invoked RoslynAnalysisRunner static constructor.
RoslynAnalysisRunner will not be running.
RoslynAnalysisRunner has terminated.
Mono: successfully reloaded assembly
- Completed reload, in  0.613 seconds
Platform modules already initialized, skipping
Refreshing native plugins compatible for Editor in 0.40 ms, found 0 plugins.
Preloading 0 native plugins for Editor in 0.00 ms.
Unloading 1196 Unused Serialized files (Serialized files now loaded: 0)
System memory in use before: 59.3 MB.
System memory in use after: 59.4 MB.

Unloading 17 unused Assets to reduce memory usage. Loaded Objects now: 1643.
Total: 1.376700 ms (FindLiveObjects: 0.125000 ms CreateObjectMapping: 0.033600 ms MarkObjects: 1.204800 ms  DeleteObjects: 0.012400 ms)

========================================================================
Received Prepare
Registering precompiled user dll's ...
Registered in 0.000721 seconds.
Begin MonoManager ReloadAssembly
Native extension for WindowsStandalone target not found
Native extension for WebGL target not found
Refreshing native plugins compatible for Editor in 0.33 ms, found 0 plugins.
Preloading 0 native plugins for Editor in 0.00 ms.
Invoked RoslynAnalysisRunner static constructor.
RoslynAnalysisRunner will not be running.
RoslynAnalysisRunner has terminated.
Mono: successfully reloaded assembly
- Completed reload, in  0.734 seconds
Platform modules already initialized, skipping
Refreshing native plugins compatible for Editor in 0.43 ms, found 0 plugins.
Preloading 0 native plugins for Editor in 0.00 ms.
Unloading 1196 Unused Serialized files (Serialized files now loaded: 0)
System memory in use before: 59.3 MB.
System memory in use after: 59.4 MB.

Unloading 17 unused Assets to reduce memory usage. Loaded Objects now: 1645.
Total: 2.467100 ms (FindLiveObjects: 0.450900 ms CreateObjectMapping: 0.107300 ms MarkObjects: 1.886700 ms  DeleteObjects: 0.018000 ms)

========================================================================
Received Import Request.
  Time since last request: 642.799994 seconds.
  path: Assets/Scripts/Game.cs
  artifactKey: Guid(621278137c4d23c408d44a540c5010bf) Importer(815301076,1909f56bfc062723c751e8b465ee728b)
Start importing Assets/Scripts/Game.cs using Guid(621278137c4d23c408d44a540c5010bf) Importer(815301076,1909f56bfc062723c751e8b465ee728b)  -> (artifact id: '7ce3d86d1db565a714da4eff8dd35697') in 0.005488 seconds
  Import took 0.007906 seconds .

========================================================================
Received Prepare
Registering precompiled user dll's ...
Registered in 0.000533 seconds.
Begin MonoManager ReloadAssembly
Native extension for WindowsStandalone target not found
Native extension for WebGL target not found
Refreshing native plugins compatible for Editor in 0.37 ms, found 0 plugins.
Preloading 0 native plugins for Editor in 0.00 ms.
Invoked RoslynAnalysisRunner static constructor.
RoslynAnalysisRunner will not be running.
RoslynAnalysisRunner has terminated.
Mono: successfully reloaded assembly
- Completed reload, in  0.703 seconds
Platform modules already initialized, skipping
Refreshing native plugins compatible for Editor in 0.44 ms, found 0 plugins.
Preloading 0 native plugins for Editor in 0.00 ms.
Unloading 1197 Unused Serialized files (Serialized files now loaded: 0)
System memory in use before: 59.3 MB.
System memory in use after: 59.4 MB.

Unloading 17 unused Assets to reduce memory usage. Loaded Objects now: 1648.
Total: 1.326300 ms (FindLiveObjects: 0.125300 ms CreateObjectMapping: 0.033700 ms MarkObjects: 1.155200 ms  DeleteObjects: 0.011400 ms)

========================================================================
Received Import Request.
  Time since last request: 4.190901 seconds.
  path: Assets/Scenes/Game.unity
  artifactKey: Guid(4e7cd23416f312644b468c4a85be3a77) Importer(815301076,1909f56bfc062723c751e8b465ee728b)
Start importing Assets/Scenes/Game.unity using Guid(4e7cd23416f312644b468c4a85be3a77) Importer(815301076,1909f56bfc062723c751e8b465ee728b)  -> (artifact id: '331975825aa5b930cdcaa83bf7fd6b6c') in 0.010068 seconds
  Import took 0.011993 seconds .

========================================================================
Received Import Request.
  Time since last request: 49.739612 seconds.
  path: Assets/Scripts/Main.cs
  artifactKey: Guid(52184bfa50a3cad4e907011e6c0b6cb2) Importer(815301076,1909f56bfc062723c751e8b465ee728b)
Start importing Assets/Scripts/Main.cs using Guid(52184bfa50a3cad4e907011e6c0b6cb2) Importer(815301076,1909f56bfc062723c751e8b465ee728b)  -> (artifact id: '280e5b59e5f3d9c600cf3ce5cf46527f') in 0.001906 seconds
  Import took 0.004317 seconds .

========================================================================
Received Prepare
Registering precompiled user dll's ...
Registered in 0.000580 seconds.
Begin MonoManager ReloadAssembly
Native extension for WindowsStandalone target not found
Native extension for WebGL target not found
Refreshing native plugins compatible for Editor in 0.35 ms, found 0 plugins.
Preloading 0 native plugins for Editor in 0.00 ms.
Invoked RoslynAnalysisRunner static constructor.
RoslynAnalysisRunner will not be running.
RoslynAnalysisRunner has terminated.
Mono: successfully reloaded assembly
- Completed reload, in  0.645 seconds
Platform modules already initialized, skipping
Refreshing native plugins compatible for Editor in 0.27 ms, found 0 plugins.
Preloading 0 native plugins for Editor in 0.00 ms.
Unloading 1198 Unused Serialized files (Serialized files now loaded: 0)
System memory in use before: 59.3 MB.
System memory in use after: 59.4 MB.

Unloading 17 unused Assets to reduce memory usage. Loaded Objects now: 1651.
Total: 1.444500 ms (FindLiveObjects: 0.128100 ms CreateObjectMapping: 0.034300 ms MarkObjects: 1.268400 ms  DeleteObjects: 0.012900 ms)

========================================================================
Received Import Request.
  Time since last request: 34.590829 seconds.
  path: Assets/Scripts/Main.cs
  artifactKey: Guid(52184bfa50a3cad4e907011e6c0b6cb2) Importer(815301076,1909f56bfc062723c751e8b465ee728b)
Start importing Assets/Scripts/Main.cs using Guid(52184bfa50a3cad4e907011e6c0b6cb2) Importer(815301076,1909f56bfc062723c751e8b465ee728b)  -> (artifact id: 'e194c3c918b9f2ce3ff430b921dc9638') in 0.007277 seconds
  Import took 0.010612 seconds .

========================================================================
Received Import Request.
  Time since last request: 0.007862 seconds.
  path: Assets/Scripts/Main.cs
  artifactKey: Guid(52184bfa50a3cad4e907011e6c0b6cb2) Importer(815301076,1909f56bfc062723c751e8b465ee728b)
Start importing Assets/Scripts/Main.cs using Guid(52184bfa50a3cad4e907011e6c0b6cb2) Importer(815301076,1909f56bfc062723c751e8b465ee728b)  -> (artifact id: 'e194c3c918b9f2ce3ff430b921dc9638') in 0.002148 seconds
  Import took 0.006144 seconds .

========================================================================
Received Import Request.
  Time since last request: 15.607623 seconds.
  path: Assets/Scripts/Point.cs
  artifactKey: Guid(222eb584c0b275143897eb86b6c6ce17) Importer(815301076,1909f56bfc062723c751e8b465ee728b)
Start importing Assets/Scripts/Point.cs using Guid(222eb584c0b275143897eb86b6c6ce17) Importer(815301076,1909f56bfc062723c751e8b465ee728b)  -> (artifact id: '72b1670185548b3866bf5a6f1829f55a') in 0.001861 seconds
  Import took 0.003908 seconds .

========================================================================
Received Import Request.
  Time since last request: 11.534301 seconds.
  path: Assets/Scripts/Figure.cs
  artifactKey: Guid(a2cfcffd761ca144bb5210cc497abce9) Importer(815301076,1909f56bfc062723c751e8b465ee728b)
Start importing Assets/Scripts/Figure.cs using Guid(a2cfcffd761ca144bb5210cc497abce9) Importer(815301076,1909f56bfc062723c751e8b465ee728b)  -> (artifact id: '60959b3e186f39c3deca69b947fbb9f4') in 0.005319 seconds
  Import took 0.007597 seconds .

========================================================================
Received Prepare
Registering precompiled user dll's ...
Registered in 0.000614 seconds.
Begin MonoManager ReloadAssembly
Native extension for WindowsStandalone target not found
Native extension for WebGL target not found
Refreshing native plugins compatible for Editor in 0.40 ms, found 0 plugins.
Preloading 0 native plugins for Editor in 0.00 ms.
Invoked RoslynAnalysisRunner static constructor.
RoslynAnalysisRunner will not be running.
RoslynAnalysisRunner has terminated.
Mono: successfully reloaded assembly
- Completed reload, in  0.733 seconds
Platform modules already initialized, skipping
Refreshing native plugins compatible for Editor in 0.28 ms, found 0 plugins.
Preloading 0 native plugins for Editor in 0.00 ms.
Unloading 1200 Unused Serialized files (Serialized files now loaded: 0)
System memory in use before: 59.4 MB.
System memory in use after: 59.5 MB.

Unloading 17 unused Assets to reduce memory usage. Loaded Objects now: 1655.
Total: 3.583300 ms (FindLiveObjects: 0.569900 ms CreateObjectMapping: 0.186500 ms MarkObjects: 2.802800 ms  DeleteObjects: 0.021600 ms)

========================================================================
Received Import Request.
  Time since last request: 58.884645 seconds.
  path: Assets/Scripts/Point.cs
  artifactKey: Guid(222eb584c0b275143897eb86b6c6ce17) Importer(815301076,1909f56bfc062723c751e8b465ee728b)
Start importing Assets/Scripts/Point.cs using Guid(222eb584c0b275143897eb86b6c6ce17) Importer(815301076,1909f56bfc062723c751e8b465ee728b)  -> (artifact id: '9ee29004860da1c6e8317ad3bc822aca') in 0.003741 seconds
  Import took 0.005912 seconds .

========================================================================
Received Prepare
Registering precompiled user dll's ...
Registered in 0.001363 seconds.
Begin MonoManager ReloadAssembly
Native extension for WindowsStandalone target not found
Native extension for WebGL target not found
Refreshing native plugins compatible for Editor in 0.43 ms, found 0 plugins.
Preloading 0 native plugins for Editor in 0.00 ms.
Invoked RoslynAnalysisRunner static constructor.
RoslynAnalysisRunner will not be running.
RoslynAnalysisRunner has terminated.
Mono: successfully reloaded assembly
- Completed reload, in  0.697 seconds
Platform modules already initialized, skipping
Refreshing native plugins compatible for Editor in 0.33 ms, found 0 plugins.
Preloading 0 native plugins for Editor in 0.00 ms.
Unloading 1200 Unused Serialized files (Serialized files now loaded: 0)
System memory in use before: 59.4 MB.
System memory in use after: 59.5 MB.

Unloading 17 unused Assets to reduce memory usage. Loaded Objects now: 1657.
Total: 1.727800 ms (FindLiveObjects: 0.244400 ms CreateObjectMapping: 0.070500 ms MarkObjects: 1.395700 ms  DeleteObjects: 0.016300 ms)

========================================================================
Received Import Request.
  Time since last request: 21.795999 seconds.
  path: Assets/Scenes/Game.unity
  artifactKey: Guid(4e7cd23416f312644b468c4a85be3a77) Importer(815301076,1909f56bfc062723c751e8b465ee728b)
Start importing Assets/Scenes/Game.unity using Guid(4e7cd23416f312644b468c4a85be3a77) Importer(815301076,1909f56bfc062723c751e8b465ee728b)  -> (artifact id: 'f86e6486c780cff5b7a13e9c50c8f6f6') in 0.011602 seconds
  Import took 0.015225 seconds .

========================================================================
Received Import Request.
  Time since last request: 15.478485 seconds.
  path: Assets/Figure.prefab
  artifactKey: Guid(b14dec2aa8ed8854b85ac3cc88577631) Importer(815301076,1909f56bfc062723c751e8b465ee728b)
Start importing Assets/Figure.prefab using Guid(b14dec2aa8ed8854b85ac3cc88577631) Importer(815301076,1909f56bfc062723c751e8b465ee728b)  -> (artifact id: '1ca2fbe90f14d49d36ae136aa644cd86') in 0.017603 seconds
  Import took 0.020098 seconds .

========================================================================
Received Import Request.
  Time since last request: 17.865203 seconds.
  path: Assets/Point.prefab
  artifactKey: Guid(b37c4a2fccfb12d418d26c8879012539) Importer(815301076,1909f56bfc062723c751e8b465ee728b)
Start importing Assets/Point.prefab using Guid(b37c4a2fccfb12d418d26c8879012539) Importer(815301076,1909f56bfc062723c751e8b465ee728b)  -> (artifact id: '34d74cf992b22caf772f7f78a79163f3') in 0.005569 seconds
  Import took 0.008563 seconds .

========================================================================
Received Import Request.
  Time since last request: 0.001004 seconds.
  path: Assets/Point.prefab
  artifactKey: Guid(b37c4a2fccfb12d418d26c8879012539) Importer(815301076,1909f56bfc062723c751e8b465ee728b)
Start importing Assets/Point.prefab using Guid(b37c4a2fccfb12d418d26c8879012539) Importer(815301076,1909f56bfc062723c751e8b465ee728b)  -> (artifact id: '34d74cf992b22caf772f7f78a79163f3') in 0.003146 seconds
  Import took 0.006160 seconds .

========================================================================
Received Import Request.
  Time since last request: 33.819734 seconds.
  path: Assets/Sprites
  artifactKey: Guid(ece5de8050ea82f4e98c36ead23ab304) Importer(815301076,1909f56bfc062723c751e8b465ee728b)
Start importing Assets/Sprites using Guid(ece5de8050ea82f4e98c36ead23ab304) Importer(815301076,1909f56bfc062723c751e8b465ee728b)  -> (artifact id: '877b43af977ba04b0012e95c8b2a9f9c') in 0.001717 seconds
  Import took 0.003801 seconds .

========================================================================
Received Import Request.
  Time since last request: 0.001402 seconds.
  path: Assets/Sprites
  artifactKey: Guid(ece5de8050ea82f4e98c36ead23ab304) Importer(815301076,1909f56bfc062723c751e8b465ee728b)
Start importing Assets/Sprites using Guid(ece5de8050ea82f4e98c36ead23ab304) Importer(815301076,1909f56bfc062723c751e8b465ee728b)  -> (artifact id: '877b43af977ba04b0012e95c8b2a9f9c') in 0.002099 seconds
  Import took 0.005091 seconds .

========================================================================
Received Import Request.
  Time since last request: 48.186643 seconds.
  path: Assets/Sprites/Point.png
  artifactKey: Guid(53f6632d85ff25042be89c112888d81c) Importer(815301076,1909f56bfc062723c751e8b465ee728b)
Start importing Assets/Sprites/Point.png using Guid(53f6632d85ff25042be89c112888d81c) Importer(815301076,1909f56bfc062723c751e8b465ee728b)  -> (artifact id: '7d9305ed3193ab3ba135866fc9a5a4d1') in 0.036246 seconds
  Import took 0.038516 seconds .

========================================================================
Received Import Request.
  Time since last request: 54.831561 seconds.
  path: Assets/Point.prefab
  artifactKey: Guid(b37c4a2fccfb12d418d26c8879012539) Importer(815301076,1909f56bfc062723c751e8b465ee728b)
Start importing Assets/Point.prefab using Guid(b37c4a2fccfb12d418d26c8879012539) Importer(815301076,1909f56bfc062723c751e8b465ee728b)  -> (artifact id: '5160ed27f5b84c985645ae4e5d8b3f0a') in 0.003962 seconds
  Import took 0.006215 seconds .

========================================================================
Received Import Request.
  Time since last request: 0.015713 seconds.
  path: Assets/Point.prefab
  artifactKey: Guid(b37c4a2fccfb12d418d26c8879012539) Importer(815301076,1909f56bfc062723c751e8b465ee728b)
Start importing Assets/Point.prefab using Guid(b37c4a2fccfb12d418d26c8879012539) Importer(815301076,1909f56bfc062723c751e8b465ee728b)  -> (artifact id: '5160ed27f5b84c985645ae4e5d8b3f0a') in 0.003960 seconds
  Import took 0.005914 seconds .

========================================================================
Received Import Request.
  Time since last request: 4365.313731 seconds.
  path: Assets/Figure.prefab
  artifactKey: Guid(b14dec2aa8ed8854b85ac3cc88577631) Importer(815301076,1909f56bfc062723c751e8b465ee728b)
Start importing Assets/Figure.prefab using Guid(b14dec2aa8ed8854b85ac3cc88577631) Importer(815301076,1909f56bfc062723c751e8b465ee728b)  -> (artifact id: '3fdf1f118c356a9936af7b8713901541') in 0.005468 seconds
  Import took 0.009129 seconds .

========================================================================
Received Prepare
Registering precompiled user dll's ...
Registered in 0.000869 seconds.
Begin MonoManager ReloadAssembly
Native extension for WindowsStandalone target not found
Native extension for WebGL target not found
Refreshing native plugins compatible for Editor in 0.30 ms, found 0 plugins.
Preloading 0 native plugins for Editor in 0.00 ms.
Invoked RoslynAnalysisRunner static constructor.
RoslynAnalysisRunner will not be running.
RoslynAnalysisRunner has terminated.
Mono: successfully reloaded assembly
- Completed reload, in  0.623 seconds
Platform modules already initialized, skipping
Refreshing native plugins compatible for Editor in 0.36 ms, found 0 plugins.
Preloading 0 native plugins for Editor in 0.00 ms.
Unloading 1200 Unused Serialized files (Serialized files now loaded: 0)
System memory in use before: 59.4 MB.
System memory in use after: 59.5 MB.

Unloading 17 unused Assets to reduce memory usage. Loaded Objects now: 1661.
Total: 2.055900 ms (FindLiveObjects: 0.139500 ms CreateObjectMapping: 0.034100 ms MarkObjects: 1.857500 ms  DeleteObjects: 0.023500 ms)

